<?xml version="1.0" encoding="UTF-8"?>
<!-- Generated by org.testng.reporters.JUnitXMLReporter -->
<testsuite hostname="BK13" ignored="0" name="Default test" tests="5" failures="1" timestamp="2020-07-23T15:23:06 IST" time="5.644" errors="0">
  <testcase name="TestMock_ResponseBody_IsAgeCorrect" time="3.633" classname="com.rest.igtest.tests.MockTestPostive"/>
  <testcase name="TestMock_ResponseBody_IsCompanyCorrect" time="0.386" classname="com.rest.igtest.tests.MockTestPostive"/>
  <testcase name="TestMock_ResponseBody_IsRoleCorrect" time="0.462" classname="com.rest.igtest.tests.MockTestPostive"/>
  <testcase name="TestMock_ResponseHeader_IsJson" time="0.375" classname="com.rest.igtest.tests.MockTestPostive"/>
  <testcase name="TestMock_Response_Status200" time="0.726" classname="com.rest.igtest.tests.MockTestPostive">
    <failure type="java.lang.AssertionError" message="Status code is success
Expected: &amp;lt;204&amp;gt;
     but: was &amp;lt;200&amp;gt;">
      <![CDATA[java.lang.AssertionError: Status code is success
Expected: <204>
     but: was <200>
at org.hamcrest.MatcherAssert.assertThat(MatcherAssert.java:18)
at com.rest.igtest.tests.MockTestPostive.TestMock_Response_Status200(MockTestPostive.java:29)
at sun.reflect.NativeMethodAccessorImpl.invoke0(Native Method)
at sun.reflect.NativeMethodAccessorImpl.invoke(NativeMethodAccessorImpl.java:62)
at sun.reflect.DelegatingMethodAccessorImpl.invoke(DelegatingMethodAccessorImpl.java:43)
at java.lang.reflect.Method.invoke(Method.java:498)
at org.testng.internal.MethodInvocationHelper.invokeMethod(MethodInvocationHelper.java:135)
at org.testng.internal.TestInvoker.invokeMethod(TestInvoker.java:598)
at org.testng.internal.TestInvoker.invokeTestMethod(TestInvoker.java:174)
at org.testng.internal.MethodRunner.runInSequence(MethodRunner.java:46)
at org.testng.internal.TestInvoker$MethodInvocationAgent.invoke(TestInvoker.java:821)
at org.testng.internal.TestInvoker.invokeTestMethods(TestInvoker.java:147)
at org.testng.internal.TestMethodWorker.invokeTestMethods(TestMethodWorker.java:146)
at org.testng.internal.TestMethodWorker.run(TestMethodWorker.java:128)
at java.util.ArrayList.forEach(ArrayList.java:1255)
at org.testng.TestRunner.privateRun(TestRunner.java:767)
at org.testng.TestRunner.run(TestRunner.java:588)
at org.testng.SuiteRunner.runTest(SuiteRunner.java:384)
at org.testng.SuiteRunner.runSequentially(SuiteRunner.java:378)
at org.testng.SuiteRunner.privateRun(SuiteRunner.java:337)
at org.testng.SuiteRunner.run(SuiteRunner.java:286)
at org.testng.SuiteRunnerWorker.runSuite(SuiteRunnerWorker.java:53)
at org.testng.SuiteRunnerWorker.run(SuiteRunnerWorker.java:96)
at org.testng.TestNG.runSuitesSequentially(TestNG.java:1214)
at org.testng.TestNG.runSuitesLocally(TestNG.java:1136)
at org.testng.TestNG.runSuites(TestNG.java:1066)
at org.testng.TestNG.run(TestNG.java:1034)
at org.testng.remote.AbstractRemoteTestNG.run(AbstractRemoteTestNG.java:115)
at org.testng.remote.RemoteTestNG.initAndRun(RemoteTestNG.java:251)
at org.testng.remote.RemoteTestNG.main(RemoteTestNG.java:77)
]]>
    </failure>
  </testcase> <!-- TestMock_Response_Status200 -->
</testsuite> <!-- Default test -->
